E:\3D\PHOTOGRAPH\SFM\WOKSPACE\BUNDLER\BUNDLER\RELEASE\BUNDLEADJUSTER.OBJ
E:\3D\PHOTOGRAPH\SFM\WOKSPACE\BUNDLER\BUNDLER\RELEASE\BUNDLER.EXE.INTERMEDIATE.MANIFEST
E:\3D\PHOTOGRAPH\SFM\WOKSPACE\BUNDLER\BUNDLER\RELEASE\BUNDLER.OBJ
E:\3D\PHOTOGRAPH\SFM\WOKSPACE\BUNDLER\BUNDLER\RELEASE\BUNDLER.PCH
E:\3D\Photograph\SFM\wokspace\Bundler\Bundler\Release\Bundler.vcxprojResolveAssemblyReference.cache
E:\3D\Photograph\SFM\wokspace\Bundler\Bundler\Release\Bundler.write.1.tlog
E:\3D\Photograph\SFM\wokspace\Bundler\Bundler\Release\cl.command.1.tlog
E:\3D\Photograph\SFM\wokspace\Bundler\Bundler\Release\CL.read.1.tlog
E:\3D\Photograph\SFM\wokspace\Bundler\Bundler\Release\CL.write.1.tlog
E:\3D\PHOTOGRAPH\SFM\WOKSPACE\BUNDLER\BUNDLER\RELEASE\FEATUREMATCHER.OBJ
E:\3D\Photograph\SFM\wokspace\Bundler\Bundler\Release\link.command.1.tlog
E:\3D\Photograph\SFM\wokspace\Bundler\Bundler\Release\link.read.1.tlog
E:\3D\Photograph\SFM\wokspace\Bundler\Bundler\Release\link.write.1.tlog
E:\3D\PHOTOGRAPH\SFM\WOKSPACE\BUNDLER\BUNDLER\RELEASE\MATCHTRACKS.OBJ
E:\3D\Photograph\SFM\wokspace\Bundler\Bundler\Release\mt.command.1.tlog
E:\3D\Photograph\SFM\wokspace\Bundler\Bundler\Release\mt.read.1.tlog
E:\3D\Photograph\SFM\wokspace\Bundler\Bundler\Release\mt.write.1.tlog
E:\3D\PHOTOGRAPH\SFM\WOKSPACE\BUNDLER\BUNDLER\RELEASE\MULTICAMERAPNP.OBJ
E:\3D\PHOTOGRAPH\SFM\WOKSPACE\BUNDLER\BUNDLER\RELEASE\SIFTGPU.OBJ
E:\3D\PHOTOGRAPH\SFM\WOKSPACE\BUNDLER\BUNDLER\RELEASE\STDAFX.OBJ
E:\3D\PHOTOGRAPH\SFM\WOKSPACE\BUNDLER\BUNDLER\RELEASE\VC100.PDB
E:\3D\PHOTOGRAPH\SFM\WOKSPACE\BUNDLER\RELEASE\BUNDLER.EXE
E:\3D\PHOTOGRAPH\SFM\WOKSPACE\BUNDLER\RELEASE\BUNDLER.PDB
