E:\OPENCV\SAMPLE\SOLVEPNP\RELEASE\SOLVEPNPLIB.DLL
E:\OpenCV\Sample\solvePnp\Release\solvePnPlib.exp
E:\OpenCV\Sample\solvePnp\Release\solvePnPlib.lib
E:\OPENCV\SAMPLE\SOLVEPNP\RELEASE\SOLVEPNPLIB.PDB
E:\OPENCV\SAMPLE\SOLVEPNP\SOLVEPNPLIB\RELEASE\5POINT.OBJ
E:\OpenCV\Sample\solvePnp\solvePnPlib\Release\cl.command.1.tlog
E:\OpenCV\Sample\solvePnp\solvePnPlib\Release\CL.read.1.tlog
E:\OpenCV\Sample\solvePnp\solvePnPlib\Release\CL.write.1.tlog
E:\OPENCV\SAMPLE\SOLVEPNP\SOLVEPNPLIB\RELEASE\DLLMAIN.OBJ
E:\OPENCV\SAMPLE\SOLVEPNP\SOLVEPNPLIB\RELEASE\EPIPOLAR.OBJ
E:\OPENCV\SAMPLE\SOLVEPNP\SOLVEPNPLIB\RELEASE\FMATRIX.OBJ
E:\OpenCV\Sample\solvePnp\solvePnPlib\Release\link.command.1.tlog
E:\OpenCV\Sample\solvePnp\solvePnPlib\Release\link.read.1.tlog
E:\OpenCV\Sample\solvePnp\solvePnPlib\Release\link.write.1.tlog
E:\OpenCV\Sample\solvePnp\solvePnPlib\Release\mt.command.1.tlog
E:\OpenCV\Sample\solvePnp\solvePnPlib\Release\mt.read.1.tlog
E:\OpenCV\Sample\solvePnp\solvePnPlib\Release\mt.write.1.tlog
E:\OPENCV\SAMPLE\SOLVEPNP\SOLVEPNPLIB\RELEASE\POLY.OBJ
E:\OPENCV\SAMPLE\SOLVEPNP\SOLVEPNPLIB\RELEASE\POLY1.OBJ
E:\OPENCV\SAMPLE\SOLVEPNP\SOLVEPNPLIB\RELEASE\POLY3.OBJ
E:\OPENCV\SAMPLE\SOLVEPNP\SOLVEPNPLIB\RELEASE\QSORT.OBJ
E:\OPENCV\SAMPLE\SOLVEPNP\SOLVEPNPLIB\RELEASE\SOLVEPNPLIB.DLL.INTERMEDIATE.MANIFEST
E:\OPENCV\SAMPLE\SOLVEPNP\SOLVEPNPLIB\RELEASE\SOLVEPNPLIB.OBJ
E:\OPENCV\SAMPLE\SOLVEPNP\SOLVEPNPLIB\RELEASE\SOLVEPNPLIB.PCH
E:\OpenCV\Sample\solvePnp\solvePnPlib\Release\solvePnPlib.vcxprojResolveAssemblyReference.cache
E:\OpenCV\Sample\solvePnp\solvePnPlib\Release\solvePnPlib.write.1.tlog
E:\OPENCV\SAMPLE\SOLVEPNP\SOLVEPNPLIB\RELEASE\STDAFX.OBJ
E:\OPENCV\SAMPLE\SOLVEPNP\SOLVEPNPLIB\RELEASE\TRIANGULATE.OBJ
E:\OPENCV\SAMPLE\SOLVEPNP\SOLVEPNPLIB\RELEASE\VC100.PDB
