生成启动时间为 2018/1/3 19:04:14。
     1>项目“E:\3D\Photograph\GIT\VSFM\sfm\solvePnPlib\solvePnPlib.vcxproj”在节点 2 上(build 个目标)。
     1>InitializeBuildStatus:
         正在创建“Release\solvePnPlib.unsuccessfulbuild”，因为已指定“AlwaysCreate”。
       ClCompile:
         D:\Program Files (x86)\Microsoft Visual Studio 10.0\VC\bin\CL.exe /c /ID:\0penCV249\include /Isolvepnp /Isolvepnp\5point /Izlib\include /Zi /nologo /W3 /WX- /O2 /Oi /Oy- /GL /D WIN32 /D NDEBUG /D _WINDOWS /D _USRDLL /D SOLVEPNPLIB_EXPORTS /D _WINDLL /D _UNICODE /D UNICODE /Gm- /EHsc /MD /GS /Gy /fp:precise /Zc:wchar_t /Zc:forScope /Yc"StdAfx.h" /Fp"Release\solvePnPlib.pch" /Fo"Release\\" /Fd"Release\vc100.pdb" /Gd /TP /analyze- /errorReport:prompt stdafx.cpp
         stdafx.cpp
         D:\Program Files (x86)\Microsoft Visual Studio 10.0\VC\bin\CL.exe /c /ID:\0penCV249\include /Isolvepnp /Isolvepnp\5point /Izlib\include /Zi /nologo /W3 /WX- /O2 /Oi /Oy- /GL /D WIN32 /D NDEBUG /D _WINDOWS /D _USRDLL /D SOLVEPNPLIB_EXPORTS /D _WINDLL /D _UNICODE /D UNICODE /Gm- /EHsc /MD /GS /Gy /fp:precise /Zc:wchar_t /Zc:forScope /Fo"Release\\" /Fd"Release\vc100.pdb" /Gd /TP /analyze- /errorReport:prompt dllmain.cpp
         dllmain.cpp
         D:\Program Files (x86)\Microsoft Visual Studio 10.0\VC\bin\CL.exe /c /ID:\0penCV249\include /Isolvepnp /Isolvepnp\5point /Izlib\include /Zi /nologo /W3 /WX- /O2 /Oi /Oy- /GL /D WIN32 /D NDEBUG /D _WINDOWS /D _USRDLL /D SOLVEPNPLIB_EXPORTS /D _WINDLL /D _UNICODE /D UNICODE /Gm- /EHsc /MD /GS /Gy /fp:precise /Zc:wchar_t /Zc:forScope /Fo"Release\\" /Fd"Release\vc100.pdb" /Gd /TP /analyze- /errorReport:prompt Epipolar.cpp solvePnPlib.cpp
         Epipolar.cpp
         solvePnPlib.cpp
     1>E:\3D\Photograph\GIT\VSFM\sfm\solvePnPlib\solvepnp\defines.h(25): warning C4005: “MAX”: 宏重定义
                 D:\0penCV249\include\opencv2/core/types_c.h(291) : 参见“MAX”的前一个定义
     1>E:\3D\Photograph\GIT\VSFM\sfm\solvePnPlib\solvepnp\defines.h(26): warning C4005: “MIN”: 宏重定义
                 D:\0penCV249\include\opencv2/core/types_c.h(287) : 参见“MIN”的前一个定义
     1>solvePnPlib.cpp(244): warning C4244: “=”: 从“double”转换到“char”，可能丢失数据
     1>solvePnPlib.cpp(304): warning C4244: “参数”: 从“double”转换到“float”，可能丢失数据
     1>solvePnPlib.cpp(304): warning C4244: “参数”: 从“double”转换到“float”，可能丢失数据
     1>solvePnPlib.cpp(490): warning C4244: “参数”: 从“double”转换到“float”，可能丢失数据
     1>solvePnPlib.cpp(490): warning C4244: “参数”: 从“double”转换到“float”，可能丢失数据
     1>solvePnPlib.cpp(490): warning C4244: “参数”: 从“double”转换到“float”，可能丢失数据
     1>solvePnPlib.cpp(519): warning C4244: “=”: 从“double”转换到“float”，可能丢失数据
     1>solvePnPlib.cpp(520): warning C4244: “=”: 从“double”转换到“float”，可能丢失数据
     1>solvePnPlib.cpp(521): warning C4244: “=”: 从“double”转换到“float”，可能丢失数据
     1>solvePnPlib.cpp(543): warning C4018: “<”: 有符号/无符号不匹配
     1>solvePnPlib.cpp(549): warning C4018: “<”: 有符号/无符号不匹配
         D:\Program Files (x86)\Microsoft Visual Studio 10.0\VC\bin\CL.exe /c /ID:\0penCV249\include /Isolvepnp /Isolvepnp\5point /Izlib\include /Zi /nologo /W3 /WX- /O2 /Oi /Oy- /GL /D WIN32 /D NDEBUG /D _WINDOWS /D _USRDLL /D SOLVEPNPLIB_EXPORTS /D _WINDLL /D _UNICODE /D UNICODE /Gm- /EHsc /MD /GS /Gy /fp:precise /Zc:wchar_t /Zc:forScope /Fo"Release\\" /Fd"Release\vc100.pdb" /Gd /TC /analyze- /errorReport:prompt solvepnp\5point\5point.c solvepnp\5point\poly1.c solvepnp\5point\poly3.c solvepnp\triangulate\triangulate.c
         5point.c
         poly1.c
         poly3.c
         triangulate.c
     1>solvepnp\triangulate\triangulate.c(511): warning C4101: “Rs”: 未引用的局部变量
     1>solvepnp\triangulate\triangulate.c(512): warning C4101: “cw”: 未引用的局部变量
     1>solvepnp\triangulate\triangulate.c(511): warning C4101: “ts”: 未引用的局部变量
     1>solvepnp\triangulate\triangulate.c(508): warning C4101: “sum_err”: 未引用的局部变量
     1>solvepnp\triangulate\triangulate.c(507): warning C4101: “proj_error”: 未引用的局部变量
     1>solvepnp\triangulate\triangulate.c(514): warning C4101: “j”: 未引用的局部变量
       Link:
         D:\Program Files (x86)\Microsoft Visual Studio 10.0\VC\bin\link.exe /ERRORREPORT:PROMPT /OUT:"E:\3D\Photograph\GIT\VSFM\sfm\Release\solvePnPlib.dll" /INCREMENTAL:NO /NOLOGO /LIBPATH:D:\0penCV249\x86\vc10\lib /LIBPATH:solvePnp /LIBPATH:zlib\lib kernel32.lib user32.lib gdi32.lib winspool.lib comdlg32.lib advapi32.lib shell32.lib ole32.lib oleaut32.lib uuid.lib odbc32.lib odbccp32.lib /MANIFEST /ManifestFile:"Release\solvePnPlib.dll.intermediate.manifest" /MANIFESTUAC:"level='asInvoker' uiAccess='false'" /DEBUG /PDB:"E:\3D\Photograph\GIT\VSFM\sfm\Release\solvePnPlib.pdb" /SUBSYSTEM:WINDOWS /OPT:REF /OPT:ICF /LTCG /TLBID:1 /DYNAMICBASE /NXCOMPAT /IMPLIB:"E:\3D\Photograph\GIT\VSFM\sfm\Release\solvePnPlib.lib" /MACHINE:X86 /DLL Release\dllmain.obj
         Release\Epipolar.obj
         Release\solvePnPlib.obj
         Release\5point.obj
         Release\poly1.obj
         Release\poly3.obj
         Release\triangulate.obj
         Release\stdafx.obj
            正在创建库 E:\3D\Photograph\GIT\VSFM\sfm\Release\solvePnPlib.lib 和对象 E:\3D\Photograph\GIT\VSFM\sfm\Release\solvePnPlib.exp
         正在生成代码
         已完成代码的生成
         solvePnPlib.vcxproj -> E:\3D\Photograph\GIT\VSFM\sfm\Release\solvePnPlib.dll
       Manifest:
         C:\Program Files (x86)\Microsoft SDKs\Windows\v7.0A\bin\mt.exe /nologo /verbose /outputresource:"E:\3D\Photograph\GIT\VSFM\sfm\Release\solvePnPlib.dll;#2" /manifest Release\solvePnPlib.dll.intermediate.manifest
       FinalizeBuildStatus:
         正在删除文件“Release\solvePnPlib.unsuccessfulbuild”。
         正在对“Release\solvePnPlib.lastbuildstate”执行 Touch 任务。
     1>已完成生成项目“E:\3D\Photograph\GIT\VSFM\sfm\solvePnPlib\solvePnPlib.vcxproj”(build 个目标)的操作。

生成成功。

已用时间 00:00:53.55
